[debug] [2019-05-17T17:45:09.047Z] ----------------------------------------------------------------------
[debug] [2019-05-17T17:45:09.047Z] Command:       C:\Program Files\nodejs\node.exe C:\Users\Pat\AppData\Roaming\npm\node_modules\firebase-tools\lib\bin\firebase.js serve
[debug] [2019-05-17T17:45:09.047Z] CLI Version:   6.0.1
[debug] [2019-05-17T17:45:09.047Z] Platform:      win32
[debug] [2019-05-17T17:45:09.047Z] Node Version:  v8.12.0
[debug] [2019-05-17T17:45:09.047Z] Time:          Fri May 17 2019 10:45:09 GMT-0700 (Pacific Daylight Time)
[debug] [2019-05-17T17:45:09.047Z] ----------------------------------------------------------------------
[debug] 
[debug] [2019-05-17T17:45:09.047Z] > command requires scopes: ["email","openid","https://www.googleapis.com/auth/cloudplatformprojects.readonly","https://www.googleapis.com/auth/firebase","https://www.googleapis.com/auth/cloud-platform"]
[debug] [2019-05-17T17:45:09.047Z] > authorizing via signed-in user
[debug] [2019-05-17T17:45:09.047Z] [iam] checking project parkaway-comp2930 for permissions ["firebase.projects.get"]
[debug] [2019-05-17T17:45:09.047Z] >>> HTTP REQUEST POST https://cloudresourcemanager.googleapis.com/v1/projects/parkaway-comp2930:testIamPermissions  

[debug] [2019-05-17T17:45:09.266Z] <<< HTTP RESPONSE 200
[debug] [2019-05-17T17:45:09.266Z] >>> HTTP REQUEST GET https://cloudresourcemanager.googleapis.com/v1/projects/parkaway-comp2930  
 
[debug] [2019-05-17T17:45:09.489Z] <<< HTTP RESPONSE 200
[info] 
[info] === Serving from 'C:\Users\Pat\Documents\BCIT Projects 2\ParkAway\TEAM-07-COMP-2930'...
[info] 
[debug] [2019-05-17T17:45:09.513Z] >>> HTTP REQUEST GET https://mobilesdk-pa.googleapis.com/v1/projects/817259487218/clients/_:getWebAppConfig  
 
[debug] [2019-05-17T17:45:09.734Z] <<< HTTP RESPONSE 200
[info] i  hosting: Serving hosting files from: Application
[info] +  hosting: Local server: http://localhost:5000
[debug] [2019-05-17T19:06:56.984Z] ----------------------------------------------------------------------
[debug] [2019-05-17T19:06:56.988Z] Command:       C:\Program Files\nodejs\node.exe C:\Users\Pat\AppData\Roaming\npm\node_modules\firebase-tools\lib\bin\firebase.js serve
[debug] [2019-05-17T19:06:56.988Z] CLI Version:   6.0.1
[debug] [2019-05-17T19:06:56.988Z] Platform:      win32
[debug] [2019-05-17T19:06:56.988Z] Node Version:  v8.12.0
[debug] [2019-05-17T19:06:56.988Z] Time:          Fri May 17 2019 12:06:56 GMT-0700 (Pacific Daylight Time)
[debug] [2019-05-17T19:06:56.988Z] ----------------------------------------------------------------------
[debug] 
[debug] [2019-05-17T19:06:56.996Z] > command requires scopes: ["email","openid","https://www.googleapis.com/auth/cloudplatformprojects.readonly","https://www.googleapis.com/auth/firebase","https://www.googleapis.com/auth/cloud-platform"]
[debug] [2019-05-17T19:06:56.996Z] > authorizing via signed-in user
[debug] [2019-05-17T19:06:56.996Z] [iam] checking project parkaway-comp2930 for permissions ["firebase.projects.get"]
[debug] [2019-05-17T19:06:57.000Z] > refreshing access token with scopes: ["email","https://www.googleapis.com/auth/cloud-platform","https://www.googleapis.com/auth/cloudplatformprojects.readonly","https://www.googleapis.com/auth/firebase","openid"]
[debug] [2019-05-17T19:06:57.000Z] >>> HTTP REQUEST POST https://www.googleapis.com/oauth2/v3/token  
 <request body omitted>
[debug] [2019-05-17T19:06:57.140Z] <<< HTTP RESPONSE 200
[debug] [2019-05-17T19:06:57.144Z] >>> HTTP REQUEST POST https://cloudresourcemanager.googleapis.com/v1/projects/parkaway-comp2930:testIamPermissions  

[debug] [2019-05-17T19:06:57.316Z] <<< HTTP RESPONSE 200
[debug] [2019-05-17T19:06:57.316Z] >>> HTTP REQUEST GET https://cloudresourcemanager.googleapis.com/v1/projects/parkaway-comp2930  
 
[debug] [2019-05-17T19:06:57.508Z] <<< HTTP RESPONSE 200
[info] 
[info] === Serving from 'C:\Users\Pat\Documents\BCIT Projects 2\ParkAway\TEAM-07-COMP-2930'...
[info] 
[debug] [2019-05-17T19:06:57.512Z] >>> HTTP REQUEST GET https://mobilesdk-pa.googleapis.com/v1/projects/817259487218/clients/_:getWebAppConfig  
 
[debug] [2019-05-17T19:06:57.803Z] <<< HTTP RESPONSE 200
[warn] !  hosting: Port 5000 is not available. Trying another port...
[info] i  hosting: Serving hosting files from: Application
[info] +  hosting: Local server: http://localhost:5005
